<?xml version="1.0" encoding="UTF-8"?>
<testsuite xmlns:xsi="http://www.w3.org/2001/XMLSchema-instance" xsi:noNamespaceSchemaLocation="https://maven.apache.org/surefire/maven-surefire-plugin/xsd/surefire-test-report.xsd" name="com.bootcamp.javacode.TestInstancePerClassTest" time="0" tests="2" errors="0" skipped="0" failures="2">
  <properties>
[...]
</properties>
  <testcase name="testB" classname="com.bootcamp.javacode.TestInstancePerClassTest" time="0">
    <failure message="expected: &lt;12&gt; but was: &lt;11&gt;" type="org.opentest4j.AssertionFailedError"><![CDATA[org.opentest4j.AssertionFailedError: expected: <12> but was: <11>
	at com.bootcamp.javacode.TestInstancePerClassTest.testB(TestInstancePerClassTest.java:44)
]]></failure>
  </testcase>
  <testcase name="testA" classname="com.bootcamp.javacode.TestInstancePerClassTest" time="0">
    <failure message="expected: &lt;11&gt; but was: &lt;12&gt;" type="org.opentest4j.AssertionFailedError"><![CDATA[org.opentest4j.AssertionFailedError: expected: <11> but was: <12>
	at com.bootcamp.javacode.TestInstancePerClassTest.testA(TestInstancePerClassTest.java:37)
]]></failure>
  </testcase>
</testsuite>