<?xml version="1.0" encoding="UTF-8"?>
<testsuite xmlns:xsi="http://www.w3.org/2001/XMLSchema-instance" xsi:noNamespaceSchemaLocation="https://maven.apache.org/surefire/maven-surefire-plugin/xsd/surefire-test-report.xsd" name="com.bootcamp.javacode.Hamcrest.HamcrestTest" time="0.031" tests="9" errors="0" skipped="0" failures="3">
  <properties>
    <property name="java.specification.version" value="17"/>
    <property name="sun.cpu.isalist" value="amd64"/>
    <property name="sun.jnu.encoding" value="MS950"/>
    <property name="java.class.path" value="C:\Users\USER\Desktop\Software\github\bc2309p\javacode-company\target\test-classes;C:\Users\USER\Desktop\Software\github\bc2309p\javacode-company\target\classes;C:\Users\USER\.m2\repository\org\projectlombok\lombok\1.18.30\lombok-1.18.30.jar;C:\Users\USER\.m2\repository\org\hamcrest\hamcrest\2.2\hamcrest-2.2.jar;C:\Users\USER\.m2\repository\org\mockito\mockito-junit-jupiter\5.5.0\mockito-junit-jupiter-5.5.0.jar;C:\Users\USER\.m2\repository\org\mockito\mockito-core\5.5.0\mockito-core-5.5.0.jar;C:\Users\USER\.m2\repository\net\bytebuddy\byte-buddy\1.14.6\byte-buddy-1.14.6.jar;C:\Users\USER\.m2\repository\net\bytebuddy\byte-buddy-agent\1.14.6\byte-buddy-agent-1.14.6.jar;C:\Users\USER\.m2\repository\org\objenesis\objenesis\3.3\objenesis-3.3.jar;C:\Users\USER\.m2\repository\org\junit\jupiter\junit-jupiter-api\5.10.0\junit-jupiter-api-5.10.0.jar;C:\Users\USER\.m2\repository\org\opentest4j\opentest4j\1.3.0\opentest4j-1.3.0.jar;C:\Users\USER\.m2\repository\org\junit\platform\junit-platform-commons\1.10.0\junit-platform-commons-1.10.0.jar;C:\Users\USER\.m2\repository\org\junit\jupiter\junit-jupiter-engine\5.10.0\junit-jupiter-engine-5.10.0.jar;C:\Users\USER\.m2\repository\org\junit\platform\junit-platform-engine\1.10.0\junit-platform-engine-1.10.0.jar;C:\Users\USER\.m2\repository\org\apiguardian\apiguardian-api\1.1.2\apiguardian-api-1.1.2.jar;"/>
    <property name="java.vm.vendor" value="Azul Systems, Inc."/>
    <property name="sun.arch.data.model" value="64"/>
    <property name="user.variant" value=""/>
    <property name="java.vendor.url" value="http://www.azul.com/"/>
    <property name="user.timezone" value="Asia/Hong_Kong"/>
    <property name="os.name" value="Windows 11"/>
    <property name="java.vm.specification.version" value="17"/>
    <property name="sun.java.launcher" value="SUN_STANDARD"/>
    <property name="user.country" value="HK"/>
    <property name="sun.boot.library.path" value="C:\Users\USER\Desktop\Software\zulu17.44.15-ca-jdk17.0.8-win_x64\bin"/>
    <property name="sun.java.command" value="C:\Users\USER\AppData\Local\Temp\surefire17112547272328943779\surefirebooter3861789112822946243.jar C:\Users\USER\AppData\Local\Temp\surefire17112547272328943779 2024-01-13T15-20-45_622-jvmRun1 surefire10902456275343951684tmp surefire_017063311282647038438tmp"/>
    <property name="jdk.debug" value="release"/>
    <property name="surefire.test.class.path" value="C:\Users\USER\Desktop\Software\github\bc2309p\javacode-company\target\test-classes;C:\Users\USER\Desktop\Software\github\bc2309p\javacode-company\target\classes;C:\Users\USER\.m2\repository\org\projectlombok\lombok\1.18.30\lombok-1.18.30.jar;C:\Users\USER\.m2\repository\org\hamcrest\hamcrest\2.2\hamcrest-2.2.jar;C:\Users\USER\.m2\repository\org\mockito\mockito-junit-jupiter\5.5.0\mockito-junit-jupiter-5.5.0.jar;C:\Users\USER\.m2\repository\org\mockito\mockito-core\5.5.0\mockito-core-5.5.0.jar;C:\Users\USER\.m2\repository\net\bytebuddy\byte-buddy\1.14.6\byte-buddy-1.14.6.jar;C:\Users\USER\.m2\repository\net\bytebuddy\byte-buddy-agent\1.14.6\byte-buddy-agent-1.14.6.jar;C:\Users\USER\.m2\repository\org\objenesis\objenesis\3.3\objenesis-3.3.jar;C:\Users\USER\.m2\repository\org\junit\jupiter\junit-jupiter-api\5.10.0\junit-jupiter-api-5.10.0.jar;C:\Users\USER\.m2\repository\org\opentest4j\opentest4j\1.3.0\opentest4j-1.3.0.jar;C:\Users\USER\.m2\repository\org\junit\platform\junit-platform-commons\1.10.0\junit-platform-commons-1.10.0.jar;C:\Users\USER\.m2\repository\org\junit\jupiter\junit-jupiter-engine\5.10.0\junit-jupiter-engine-5.10.0.jar;C:\Users\USER\.m2\repository\org\junit\platform\junit-platform-engine\1.10.0\junit-platform-engine-1.10.0.jar;C:\Users\USER\.m2\repository\org\apiguardian\apiguardian-api\1.1.2\apiguardian-api-1.1.2.jar;"/>
    <property name="sun.cpu.endian" value="little"/>
    <property name="user.home" value="C:\Users\USER"/>
    <property name="user.language" value="zh"/>
    <property name="java.specification.vendor" value="Oracle Corporation"/>
    <property name="java.version.date" value="2023-07-18"/>
    <property name="java.home" value="C:\Users\USER\Desktop\Software\zulu17.44.15-ca-jdk17.0.8-win_x64"/>
    <property name="file.separator" value="\"/>
    <property name="basedir" value="C:\Users\USER\Desktop\Software\github\bc2309p\javacode-company"/>
    <property name="java.vm.compressedOopsMode" value="Zero based"/>
    <property name="line.separator" value="&#10;"/>
    <property name="java.vm.specification.vendor" value="Oracle Corporation"/>
    <property name="java.specification.name" value="Java Platform API Specification"/>
    <property name="surefire.real.class.path" value="C:\Users\USER\AppData\Local\Temp\surefire17112547272328943779\surefirebooter3861789112822946243.jar"/>
    <property name="user.script" value=""/>
    <property name="sun.management.compiler" value="HotSpot 64-Bit Tiered Compilers"/>
    <property name="java.runtime.version" value="17.0.8+7-LTS"/>
    <property name="user.name" value="USER"/>
    <property name="path.separator" value=";"/>
    <property name="os.version" value="10.0"/>
    <property name="java.runtime.name" value="OpenJDK Runtime Environment"/>
    <property name="file.encoding" value="MS950"/>
    <property name="java.vm.name" value="OpenJDK 64-Bit Server VM"/>
    <property name="java.vendor.version" value="Zulu17.44+15-CA"/>
    <property name="localRepository" value="C:\Users\USER\.m2\repository"/>
    <property name="java.vendor.url.bug" value="http://www.azul.com/support/"/>
    <property name="java.io.tmpdir" value="C:\Users\USER\AppData\Local\Temp\"/>
    <property name="java.version" value="17.0.8"/>
    <property name="user.dir" value="C:\Users\USER\Desktop\Software\github\bc2309p\javacode-company"/>
    <property name="os.arch" value="amd64"/>
    <property name="java.vm.specification.name" value="Java Virtual Machine Specification"/>
    <property name="sun.os.patch.level" value=""/>
    <property name="native.encoding" value="MS950"/>
    <property name="java.library.path" value="C:\Users\USER\Desktop\Software\zulu17.44.15-ca-jdk17.0.8-win_x64\bin;C:\WINDOWS\Sun\Java\bin;C:\WINDOWS\system32;C:\WINDOWS;C:\WINDOWS\system32;C:\WINDOWS;C:\WINDOWS\System32\Wbem;C:\WINDOWS\System32\WindowsPowerShell\v1.0\;C:\WINDOWS\System32\OpenSSH\;C:\Program Files\dotnet\;C:\Users\USER\Desktop\Software\zulu17.44.15-ca-jdk17.0.8-win_x64\bin;C:\Program Files\Git\bin;C:\Users\USER\Desktop\Software\apache-maven-3.9.4\bin;;C:\Program Files\Microsoft VS Code\bin;C:\Program Files\MySQL\MySQL Shell 8.0\bin\;C:\Users\USER\AppData\Local\Microsoft\WindowsApps;;C:\Users\USER\AppData\Local\Programs\Microsoft VS Code\bin;."/>
    <property name="java.vm.info" value="mixed mode, sharing"/>
    <property name="java.vendor" value="Azul Systems, Inc."/>
    <property name="java.vm.version" value="17.0.8+7-LTS"/>
    <property name="sun.io.unicode.encoding" value="UnicodeLittle"/>
    <property name="java.class.version" value="61.0"/>
  </properties>
  <testcase name="testObjectClass" classname="com.bootcamp.javacode.Hamcrest.HamcrestTest" time="0"/>
  <testcase name="testAny" classname="com.bootcamp.javacode.Hamcrest.HamcrestTest" time="0"/>
  <testcase name="testArray" classname="com.bootcamp.javacode.Hamcrest.HamcrestTest" time="0.015">
    <failure message="&#10;Expected: [&lt;2&gt;, &lt;4&gt;, &lt;7&gt;, &lt;11&gt;] in any order&#10;     but: no match for: &lt;8&gt;" type="java.lang.AssertionError"><![CDATA[java.lang.AssertionError: 

Expected: [<2>, <4>, <7>, <11>] in any order
     but: no match for: <8>
	at com.bootcamp.javacode.Hamcrest.HamcrestTest.testArray(HamcrestTest.java:80)
]]></failure>
  </testcase>
  <testcase name="testSring" classname="com.bootcamp.javacode.Hamcrest.HamcrestTest" time="0">
    <failure message="&#10;Expected: is &quot;hellowrld&quot;&#10;     but: was &quot;helloworld&quot;" type="java.lang.AssertionError">java.lang.AssertionError: 

Expected: is "hellowrld"
     but: was "helloworld"
	at com.bootcamp.javacode.Hamcrest.HamcrestTest.testSring(HamcrestTest.java:26)
</failure>
  </testcase>
  <testcase name="testUppercaseMatcher" classname="com.bootcamp.javacode.Hamcrest.HamcrestTest" time="0"/>
  <testcase name="testArrayList" classname="com.bootcamp.javacode.Hamcrest.HamcrestTest" time="0"/>
  <testcase name="test" classname="com.bootcamp.javacode.Hamcrest.HamcrestTest" time="0"/>
  <testcase name="testObject" classname="com.bootcamp.javacode.Hamcrest.HamcrestTest" time="0"/>
  <testcase name="testTolerance" classname="com.bootcamp.javacode.Hamcrest.HamcrestTest" time="0">
    <failure message="&#10;Expected: a numeric value within &lt;0.01&gt; of &lt;3.14&gt;&#10;     but: &lt;3.129&gt; differed by &lt;0.0010000000000001206&gt; more than delta &lt;0.01&gt;" type="java.lang.AssertionError"><![CDATA[java.lang.AssertionError: 

Expected: a numeric value within <0.01> of <3.14>
     but: <3.129> differed by <0.0010000000000001206> more than delta <0.01>
	at com.bootcamp.javacode.Hamcrest.HamcrestTest.testTolerance(HamcrestTest.java:100)
]]></failure>
  </testcase>
</testsuite>