<?xml version="1.0" encoding="UTF-8"?>
<testsuite xmlns:xsi="http://www.w3.org/2001/XMLSchema-instance" xsi:noNamespaceSchemaLocation="https://maven.apache.org/surefire/maven-surefire-plugin/xsd/surefire-test-report.xsd" name="com.bootcamp.javacode.Hamcrest.HamcrestTest" time="0.031" tests="9" errors="0" skipped="0" failures="3">
  <properties>
[...]
</properties>
  <testcase name="testObjectClass" classname="com.bootcamp.javacode.Hamcrest.HamcrestTest" time="0"/>
  <testcase name="testAny" classname="com.bootcamp.javacode.Hamcrest.HamcrestTest" time="0"/>
  <testcase name="testArray" classname="com.bootcamp.javacode.Hamcrest.HamcrestTest" time="0.015">
    <failure message="&#10;Expected: [&lt;2&gt;, &lt;4&gt;, &lt;7&gt;, &lt;11&gt;] in any order&#10;     but: no match for: &lt;8&gt;" type="java.lang.AssertionError"><![CDATA[java.lang.AssertionError: 

Expected: [<2>, <4>, <7>, <11>] in any order
     but: no match for: <8>
	at com.bootcamp.javacode.Hamcrest.HamcrestTest.testArray(HamcrestTest.java:80)
]]></failure>
  </testcase>
  <testcase name="testSring" classname="com.bootcamp.javacode.Hamcrest.HamcrestTest" time="0">
    <failure message="&#10;Expected: is &quot;hellowrld&quot;&#10;     but: was &quot;helloworld&quot;" type="java.lang.AssertionError">java.lang.AssertionError: 

Expected: is "hellowrld"
     but: was "helloworld"
	at com.bootcamp.javacode.Hamcrest.HamcrestTest.testSring(HamcrestTest.java:26)
</failure>
  </testcase>
  <testcase name="testUppercaseMatcher" classname="com.bootcamp.javacode.Hamcrest.HamcrestTest" time="0"/>
  <testcase name="testArrayList" classname="com.bootcamp.javacode.Hamcrest.HamcrestTest" time="0"/>
  <testcase name="test" classname="com.bootcamp.javacode.Hamcrest.HamcrestTest" time="0"/>
  <testcase name="testObject" classname="com.bootcamp.javacode.Hamcrest.HamcrestTest" time="0"/>
  <testcase name="testTolerance" classname="com.bootcamp.javacode.Hamcrest.HamcrestTest" time="0">
    <failure message="&#10;Expected: a numeric value within &lt;0.01&gt; of &lt;3.14&gt;&#10;     but: &lt;3.129&gt; differed by &lt;0.0010000000000001206&gt; more than delta &lt;0.01&gt;" type="java.lang.AssertionError"><![CDATA[java.lang.AssertionError: 

Expected: a numeric value within <0.01> of <3.14>
     but: <3.129> differed by <0.0010000000000001206> more than delta <0.01>
	at com.bootcamp.javacode.Hamcrest.HamcrestTest.testTolerance(HamcrestTest.java:100)
]]></failure>
  </testcase>
</testsuite>