<?xml version="1.0" encoding="UTF-8"?>
<testsuite xmlns:xsi="http://www.w3.org/2001/XMLSchema-instance" xsi:noNamespaceSchemaLocation="https://maven.apache.org/surefire/maven-surefire-plugin/xsd/surefire-test-report.xsd" name="com.bootcamp.javacode.TestInstancePerClassTest" time="0.002" tests="2" errors="0" skipped="0" failures="0">
  <properties>
[...]
</properties>
  <testcase name="testB" classname="com.bootcamp.javacode.TestInstancePerClassTest" time="0"/>
  <testcase name="testA" classname="com.bootcamp.javacode.TestInstancePerClassTest" time="0"/>
</testsuite>